2017-02-26 23:45:05
Full thread dump Java HotSpot(TM) 64-Bit Server VM (25.121-b13 mixed mode):

"Attach Listener" #211 daemon prio=9 os_prio=31 tid=0x00007fc6ee7f4000 nid=0x4f13 waiting on condition [0x0000000000000000]
   java.lang.Thread.State: RUNNABLE

"File lock request listener" #26 prio=5 os_prio=31 tid=0x00007fc6ed7f7000 nid=0x5f03 runnable [0x000070001155b000]
   java.lang.Thread.State: RUNNABLE
	at java.net.PlainDatagramSocketImpl.receive0(Native Method)
	- locked <0x00000007801eb848> (a java.net.PlainDatagramSocketImpl)
	at java.net.AbstractPlainDatagramSocketImpl.receive(AbstractPlainDatagramSocketImpl.java:143)
	- locked <0x00000007801eb848> (a java.net.PlainDatagramSocketImpl)
	at java.net.DatagramSocket.receive(DatagramSocket.java:812)
	- locked <0x00000007809fed60> (a java.net.DatagramPacket)
	- locked <0x00000007801eb808> (a java.net.DatagramSocket)
	at org.gradle.cache.internal.FileLockCommunicator.receive(FileLockCommunicator.java:60)
	at org.gradle.cache.internal.locklistener.DefaultFileLockContentionHandler$1.doRun(DefaultFileLockContentionHandler.java:67)
	at org.gradle.cache.internal.locklistener.DefaultFileLockContentionHandler$1.run(DefaultFileLockContentionHandler.java:54)
	at org.gradle.internal.concurrent.ExecutorPolicy$CatchAndRecordFailures.onExecute(ExecutorPolicy.java:54)
	at org.gradle.internal.concurrent.StoppableExecutorImpl$1.run(StoppableExecutorImpl.java:40)
	at java.util.concurrent.ThreadPoolExecutor.runWorker(ThreadPoolExecutor.java:1142)
	at java.util.concurrent.ThreadPoolExecutor$Worker.run(ThreadPoolExecutor.java:617)
	at java.lang.Thread.run(Thread.java:745)

"Incoming local TCP Connector on port 53083" #12 prio=5 os_prio=31 tid=0x00007fc6eacab000 nid=0x4d03 runnable [0x0000700010d18000]
   java.lang.Thread.State: RUNNABLE
	at sun.nio.ch.ServerSocketChannelImpl.accept0(Native Method)
	at sun.nio.ch.ServerSocketChannelImpl.accept(ServerSocketChannelImpl.java:422)
	at sun.nio.ch.ServerSocketChannelImpl.accept(ServerSocketChannelImpl.java:250)
	- locked <0x00000007802052b0> (a java.lang.Object)
	at org.gradle.internal.remote.internal.inet.TcpIncomingConnector$Receiver.run(TcpIncomingConnector.java:102)
	at org.gradle.internal.concurrent.ExecutorPolicy$CatchAndRecordFailures.onExecute(ExecutorPolicy.java:54)
	at org.gradle.internal.concurrent.StoppableExecutorImpl$1.run(StoppableExecutorImpl.java:40)
	at java.util.concurrent.ThreadPoolExecutor.runWorker(ThreadPoolExecutor.java:1142)
	at java.util.concurrent.ThreadPoolExecutor$Worker.run(ThreadPoolExecutor.java:617)
	at java.lang.Thread.run(Thread.java:745)

"pool-1-thread-1" #11 prio=5 os_prio=31 tid=0x00007fc6eac7d800 nid=0x4b03 waiting on condition [0x0000700010c15000]
   java.lang.Thread.State: TIMED_WAITING (parking)
	at sun.misc.Unsafe.park(Native Method)
	- parking to wait for  <0x0000000780206b98> (a java.util.concurrent.locks.AbstractQueuedSynchronizer$ConditionObject)
	at java.util.concurrent.locks.LockSupport.parkNanos(LockSupport.java:215)
	at java.util.concurrent.locks.AbstractQueuedSynchronizer$ConditionObject.awaitNanos(AbstractQueuedSynchronizer.java:2078)
	at java.util.concurrent.ScheduledThreadPoolExecutor$DelayedWorkQueue.take(ScheduledThreadPoolExecutor.java:1093)
	at java.util.concurrent.ScheduledThreadPoolExecutor$DelayedWorkQueue.take(ScheduledThreadPoolExecutor.java:809)
	at java.util.concurrent.ThreadPoolExecutor.getTask(ThreadPoolExecutor.java:1067)
	at java.util.concurrent.ThreadPoolExecutor.runWorker(ThreadPoolExecutor.java:1127)
	at java.util.concurrent.ThreadPoolExecutor$Worker.run(ThreadPoolExecutor.java:617)
	at java.lang.Thread.run(Thread.java:745)

"Service Thread" #8 daemon prio=9 os_prio=31 tid=0x00007fc6eb808000 nid=0x4703 runnable [0x0000000000000000]
   java.lang.Thread.State: RUNNABLE

"C1 CompilerThread2" #7 daemon prio=9 os_prio=31 tid=0x00007fc6eb805000 nid=0x4503 waiting on condition [0x0000000000000000]
   java.lang.Thread.State: RUNNABLE

"C2 CompilerThread1" #6 daemon prio=9 os_prio=31 tid=0x00007fc6ea09a000 nid=0x4303 waiting on condition [0x0000000000000000]
   java.lang.Thread.State: RUNNABLE

"C2 CompilerThread0" #5 daemon prio=9 os_prio=31 tid=0x00007fc6ea819000 nid=0x4103 waiting on condition [0x0000000000000000]
   java.lang.Thread.State: RUNNABLE

"Signal Dispatcher" #4 daemon prio=9 os_prio=31 tid=0x00007fc6ea0a5000 nid=0x3f03 runnable [0x0000000000000000]
   java.lang.Thread.State: RUNNABLE

"Finalizer" #3 daemon prio=8 os_prio=31 tid=0x00007fc6eb802000 nid=0x3003 in Object.wait() [0x0000700010500000]
   java.lang.Thread.State: WAITING (on object monitor)
	at java.lang.Object.wait(Native Method)
	- waiting on <0x0000000780112198> (a java.lang.ref.ReferenceQueue$Lock)
	at java.lang.ref.ReferenceQueue.remove(ReferenceQueue.java:143)
	- locked <0x0000000780112198> (a java.lang.ref.ReferenceQueue$Lock)
	at java.lang.ref.ReferenceQueue.remove(ReferenceQueue.java:164)
	at java.lang.ref.Finalizer$FinalizerThread.run(Finalizer.java:209)

"Reference Handler" #2 daemon prio=10 os_prio=31 tid=0x00007fc6ea80e000 nid=0x2e03 in Object.wait() [0x00007000103fd000]
   java.lang.Thread.State: WAITING (on object monitor)
	at java.lang.Object.wait(Native Method)
	- waiting on <0x0000000780332f00> (a java.lang.ref.Reference$Lock)
	at java.lang.Object.wait(Object.java:502)
	at java.lang.ref.Reference.tryHandlePending(Reference.java:191)
	- locked <0x0000000780332f00> (a java.lang.ref.Reference$Lock)
	at java.lang.ref.Reference$ReferenceHandler.run(Reference.java:153)

"main" #1 prio=5 os_prio=31 tid=0x00007fc6ea009000 nid=0x1b03 waiting on condition [0x000070000fdea000]
   java.lang.Thread.State: WAITING (parking)
	at sun.misc.Unsafe.park(Native Method)
	- parking to wait for  <0x000000078011e420> (a java.util.concurrent.locks.AbstractQueuedSynchronizer$ConditionObject)
	at java.util.concurrent.locks.LockSupport.park(LockSupport.java:175)
	at java.util.concurrent.locks.AbstractQueuedSynchronizer$ConditionObject.await(AbstractQueuedSynchronizer.java:2039)
	at org.gradle.launcher.daemon.server.DaemonStateCoordinator.awaitStop(DaemonStateCoordinator.java:97)
	at org.gradle.launcher.daemon.server.Daemon.awaitExpiration(Daemon.java:248)
	at org.gradle.launcher.daemon.server.Daemon.stopOnExpiration(Daemon.java:222)
	at org.gradle.launcher.daemon.bootstrap.DaemonMain.doAction(DaemonMain.java:127)
	at org.gradle.launcher.bootstrap.EntryPoint.run(EntryPoint.java:45)
	at sun.reflect.NativeMethodAccessorImpl.invoke0(Native Method)
	at sun.reflect.NativeMethodAccessorImpl.invoke(NativeMethodAccessorImpl.java:62)
	at sun.reflect.DelegatingMethodAccessorImpl.invoke(DelegatingMethodAccessorImpl.java:43)
	at java.lang.reflect.Method.invoke(Method.java:498)
	at org.gradle.launcher.bootstrap.ProcessBootstrap.runNoExit(ProcessBootstrap.java:60)
	at org.gradle.launcher.bootstrap.ProcessBootstrap.run(ProcessBootstrap.java:37)
	at org.gradle.launcher.daemon.bootstrap.GradleDaemon.main(GradleDaemon.java:22)

"VM Thread" os_prio=31 tid=0x00007fc6ea060800 nid=0x2c03 runnable

"GC task thread#0 (ParallelGC)" os_prio=31 tid=0x00007fc6ea808000 nid=0x2403 runnable

"GC task thread#1 (ParallelGC)" os_prio=31 tid=0x00007fc6ea809000 nid=0x2603 runnable

"GC task thread#2 (ParallelGC)" os_prio=31 tid=0x00007fc6ea809800 nid=0x2803 runnable

"GC task thread#3 (ParallelGC)" os_prio=31 tid=0x00007fc6eb001000 nid=0x2a03 runnable

"VM Periodic Task Thread" os_prio=31 tid=0x00007fc6ea803800 nid=0x4903 waiting on condition

JNI global references: 286

